2024-10-09T08:08:27.7333: Connect
2024-10-09T08:08:27.7922: using: adb.sa-saopaulo-1.oraclecloud.com:1522 ..... [SUCCEED]
2024-10-09T08:08:27.7922: Using SSL/TLS
2024-10-09T08:08:27.7922: Open :(DESCRIPTION=(ADDRESS=(PROTOCOL=tcps)(HOST=adb.sa-saopaulo-1.oraclecloud.com)(PORT=1522))(CONNECT_DATA=(SERVICE_NAME=g57cf7551bd73f8_prd_high.adb.oraclecloud.com)(CID=(PROGRAM=C:\Users\jean.simas\Documents\projects\tasks-websocket\tasks-websocket.exe)(HOST=TI-CF-03)(USER=jean.simas))))
2024-10-09T08:08:27.7922: 
Write packet:
00000000  00 46 00 00 01 00 00 00  01 3d 01 2c 08 01 ff ff  |.F.......=.,....|
00000010  ff ff 4f 98 00 00 00 01  01 1e 00 46 00 00 00 00  |..O........F....|
00000020  01 01 00 00 00 00 00 00  00 00 00 00 00 00 00 00  |................|
00000030  00 00 00 00 00 00 00 00  00 00 00 20 00 00 00 20  |........... ... |
00000040  00 00 00 00 00 00                                 |......|
2024-10-09T08:08:27.8329: 
Write packet:
00000000  01 28 00 00 06 00 00 00  00 00 28 44 45 53 43 52  |.(........(DESCR|
00000010  49 50 54 49 4f 4e 3d 28  41 44 44 52 45 53 53 3d  |IPTION=(ADDRESS=|
00000020  28 50 52 4f 54 4f 43 4f  4c 3d 74 63 70 73 29 28  |(PROTOCOL=tcps)(|
00000030  48 4f 53 54 3d 61 64 62  2e 73 61 2d 73 61 6f 70  |HOST=adb.sa-saop|
00000040  61 75 6c 6f 2d 31 2e 6f  72 61 63 6c 65 63 6c 6f  |aulo-1.oracleclo|
00000050  75 64 2e 63 6f 6d 29 28  50 4f 52 54 3d 31 35 32  |ud.com)(PORT=152|
00000060  32 29 29 28 43 4f 4e 4e  45 43 54 5f 44 41 54 41  |2))(CONNECT_DATA|
00000070  3d 28 53 45 52 56 49 43  45 5f 4e 41 4d 45 3d 67  |=(SERVICE_NAME=g|
00000080  35 37 63 66 37 35 35 31  62 64 37 33 66 38 5f 70  |57cf7551bd73f8_p|
00000090  72 64 5f 68 69 67 68 2e  61 64 62 2e 6f 72 61 63  |rd_high.adb.orac|
000000a0  6c 65 63 6c 6f 75 64 2e  63 6f 6d 29 28 43 49 44  |lecloud.com)(CID|
000000b0  3d 28 50 52 4f 47 52 41  4d 3d 43 3a 5c 55 73 65  |=(PROGRAM=C:\Use|
000000c0  72 73 5c 6a 65 61 6e 2e  73 69 6d 61 73 5c 44 6f  |rs\jean.simas\Do|
000000d0  63 75 6d 65 6e 74 73 5c  70 72 6f 6a 65 63 74 73  |cuments\projects|
000000e0  5c 74 61 73 6b 73 2d 77  65 62 73 6f 63 6b 65 74  |\tasks-websocket|
000000f0  5c 74 61 73 6b 73 2d 77  65 62 73 6f 63 6b 65 74  |\tasks-websocket|
00000100  2e 65 78 65 29 28 48 4f  53 54 3d 54 49 2d 43 46  |.exe)(HOST=TI-CF|
00000110  2d 30 33 29 28 55 53 45  52 3d 6a 65 61 6e 2e 73  |-03)(USER=jean.s|
00000120  69 6d 61 73 29 29 29 29                           |imas))))|
2024-10-09T08:08:27.8466: 
Read packet:
00000000  00 08 00 00 0b 08 00 00                           |........|
2024-10-09T08:08:27.9204: 
Read packet:
00000000  00 29 00 00 02 00 00 00  01 3d 08 01 00 00 00 00  |.).......=......|
00000010  01 00 00 00 00 29 41 01  00 00 00 00 00 00 00 00  |.....)A.........|
00000020  00 00 20 00 00 00 7f ff  00                       |.. ......|
2024-10-09T08:08:27.9206: Handshake Complete
2024-10-09T08:08:27.9206: Advance Negotiation
2024-10-09T08:08:27.9206: 
Write packet:
00000000  00 00 00 a1 06 00 00 00  00 00 de ad be ef 00 97  |................|
00000010  0b 20 02 00 00 04 00 00  04 00 03 00 00 00 00 00  |. ..............|
00000020  04 00 05 0b 20 02 00 00  08 00 01 00 00 10 1c 66  |.... ..........f|
00000030  ec 28 ea 00 12 00 01 de  ad be ef 00 03 00 00 00  |.(..............|
00000040  04 00 04 00 01 00 02 00  03 00 01 00 03 00 00 00  |................|
00000050  00 00 04 00 05 0b 20 02  00 00 02 00 03 e0 e1 00  |...... .........|
00000060  02 00 06 fc ff 00 02 00  03 00 00 00 00 00 04 00  |................|
00000070  05 0b 20 02 00 00 09 00  01 00 01 08 0a 06 02 0f  |.. .............|
00000080  10 11 00 01 00 02 01 00  03 00 02 00 00 00 00 00  |................|
00000090  04 00 05 0b 20 02 00 00  06 00 01 00 01 03 04 05  |.... ...........|
000000a0  06                                                |.|
2024-10-09T08:08:27.9211: 
Read packet:
00000000  00 00 00 7f 06 20 00 00  00 00 de ad be ef 00 75  |..... .........u|
00000010  00 00 00 00 00 04 00 00  04 00 03 00 00 00 00 00  |................|
00000020  04 00 05 13 00 00 00 00  02 00 06 00 1f 00 0e 00  |................|
00000030  01 de ad be ef 00 03 00  00 00 02 00 04 00 01 00  |................|
00000040  01 00 02 00 00 00 00 00  04 00 05 13 00 10 00 00  |................|
00000050  02 00 06 fb ff 00 02 00  02 00 00 00 00 00 04 00  |................|
00000060  05 13 00 10 00 00 01 00  02 00 00 03 00 02 00 00  |................|
00000070  00 00 00 04 00 05 13 00  10 00 00 01 00 02 00     |...............|
2024-10-09T08:08:27.9350: TCP Negotiation
2024-10-09T08:08:27.9350: 
Write packet:
00000000  00 00 00 1c 06 00 00 00  00 00 01 06 00 4f 72 61  |.............Ora|
00000010  63 6c 65 43 6c 69 65 6e  74 47 6f 00              |cleClientGo.|
2024-10-09T08:08:27.9379: 
Read packet:
00000000  00 00 00 f1 06 20 00 00  00 00 01 06 00 78 38 36  |..... .......x86|
00000010  5f 36 34 2f 4c 69 6e 75  78 20 32 2e 34 2e 78 78  |_64/Linux 2.4.xx|
00000020  00 69 03 01 0a 00 66 03  40 03 01 40 03 66 03 01  |.i....f.@..@.f..|
00000030  66 03 48 03 01 48 03 66  03 01 66 03 52 03 01 52  |f.H..H.f..f.R..R|
00000040  03 66 03 01 66 03 61 03  01 61 03 66 03 01 66 03  |.f..f.a..a.f..f.|
00000050  1f 03 08 1f 03 66 03 01  00 64 00 00 00 60 01 24  |.....f...d...`.$|
00000060  0f 05 0b 0c 03 0c 0c 05  04 05 0d 06 09 07 08 05  |................|
00000070  05 05 05 05 0f 05 05 05  05 05 0a 05 05 05 05 05  |................|
00000080  04 05 06 07 08 08 23 47  23 47 08 11 23 08 11 41  |......#G#G..#..A|
00000090  b0 47 00 83 03 69 07 d0  03 00 00 00 00 00 00 00  |.G...i..........|
000000a0  00 00 00 00 00 00 00 00  00 00 00 00 00 00 00 00  |................|
000000b0  00 00 00 00 00 00 00 00  00 00 00 00 00 00 2a 06  |..............*.|
000000c0  01 01 01 6f 04 01 0c 01  01 01 01 01 01 01 7f ff  |...o............|
000000d0  03 0e 03 03 01 01 ff 01  ff ff 01 0b 01 01 ff 01  |................|
000000e0  06 0b e2 01 7f 05 0f 1f  0d 07 02 01 00 01 18 00  |................|
000000f0  7f                                                |.|
2024-10-09T08:08:27.9379: Server Charset: 873
2024-10-09T08:08:27.9379: Server National Charset: 2000
2024-10-09T08:08:27.9379: Data Type Negotiation
2024-10-09T08:08:27.9485: 
Write packet:
00000000  00 00 0a 69 06 00 00 00  00 00 02 69 03 69 03 03  |...i.......i.i..|
00000010  29 06 01 00 00 6a 01 01  0b 01 01 01 01 01 01 00  |)....j..........|
00000020  29 90 03 07 03 00 01 00  eb 01 00 05 01 00 00 00  |)...............|
00000030  18 00 00 07 20 02 3a 00  00 05 07 02 01 00 00 00  |.... .:.........|
00000040  00 06 80 00 00 00 39 3c  3c 80 00 00 00 00 00 00  |......9<<.......|
00000050  20 d0 07 00 01 00 01 00  01 00 00 00 02 00 02 00  | ...............|
00000060  0a 00 00 00 08 00 08 00  01 00 00 00 0c 00 0c 00  |................|
00000070  0a 00 00 00 17 00 17 00  01 00 00 00 18 00 18 00  |................|
00000080  01 00 00 00 19 00 19 00  01 00 00 00 1a 00 1a 00  |................|
00000090  01 00 00 00 1b 00 1b 00  01 00 00 00 1c 00 1c 00  |................|
000000a0  01 00 00 00 1d 00 1d 00  01 00 00 00 1e 00 1e 00  |................|
000000b0  01 00 00 00 1f 00 1f 00  01 00 00 00 20 00 20 00  |............ . .|
000000c0  01 00 00 00 21 00 21 00  01 00 00 00 0a 00 0a 00  |....!.!.........|
000000d0  01 00 00 00 0b 00 0b 00  01 00 00 00 28 00 28 00  |............(.(.|
000000e0  01 00 00 00 29 00 29 00  01 00 00 00 75 00 75 00  |....).).....u.u.|
000000f0  01 00 00 00 78 00 78 00  01 00 00 01 22 01 22 00  |....x.x.....".".|
00000100  01 00 00 01 23 01 23 00  01 00 00 01 24 01 24 00  |....#.#.....$.$.|
00000110  01 00 00 01 25 01 25 00  01 00 00 01 26 01 26 00  |....%.%.....&.&.|
00000120  01 00 00 01 2a 01 2a 00  01 00 00 01 2b 01 2b 00  |....*.*.....+.+.|
00000130  01 00 00 01 2c 01 2c 00  01 00 00 01 2d 01 2d 00  |....,.,.....-.-.|
00000140  01 00 00 01 2e 01 2e 00  01 00 00 01 2f 01 2f 00  |...........././.|
00000150  01 00 00 01 30 01 30 00  01 00 00 01 31 01 31 00  |....0.0.....1.1.|
00000160  01 00 00 01 32 01 32 00  01 00 00 01 33 01 33 00  |....2.2.....3.3.|
00000170  01 00 00 01 34 01 34 00  01 00 00 01 35 01 35 00  |....4.4.....5.5.|
00000180  01 00 00 01 36 01 36 00  01 00 00 01 37 01 37 00  |....6.6.....7.7.|
00000190  01 00 00 01 38 01 38 00  01 00 00 01 39 01 39 00  |....8.8.....9.9.|
000001a0  01 00 00 01 3b 01 3b 00  01 00 00 01 3c 01 3c 00  |....;.;.....<.<.|
000001b0  01 00 00 01 3d 01 3d 00  01 00 00 01 3e 01 3e 00  |....=.=.....>.>.|
000001c0  01 00 00 01 3f 01 3f 00  01 00 00 01 40 01 40 00  |....?.?.....@.@.|
000001d0  01 00 00 01 41 01 41 00  01 00 00 01 42 01 42 00  |....A.A.....B.B.|
000001e0  01 00 00 01 43 01 43 00  01 00 00 01 47 01 47 00  |....C.C.....G.G.|
000001f0  01 00 00 01 48 01 48 00  01 00 00 01 49 01 49 00  |....H.H.....I.I.|
00000200  01 00 00 01 4b 01 4b 00  01 00 00 01 4d 01 4d 00  |....K.K.....M.M.|
00000210  01 00 00 01 4e 01 4e 00  01 00 00 01 4f 01 4f 00  |....N.N.....O.O.|
00000220  01 00 00 01 50 01 50 00  01 00 00 01 51 01 51 00  |....P.P.....Q.Q.|
00000230  01 00 00 01 52 01 52 00  01 00 00 01 53 01 53 00  |....R.R.....S.S.|
00000240  01 00 00 01 54 01 54 00  01 00 00 01 55 01 55 00  |....T.T.....U.U.|
00000250  01 00 00 01 56 01 56 00  01 00 00 01 57 01 57 00  |....V.V.....W.W.|
00000260  01 00 00 01 58 01 58 00  01 00 00 01 59 01 59 00  |....X.X.....Y.Y.|
00000270  01 00 00 01 5a 01 5a 00  01 00 00 01 5c 01 5c 00  |....Z.Z.....\.\.|
00000280  01 00 00 01 5d 01 5d 00  01 00 00 01 62 01 62 00  |....].].....b.b.|
00000290  01 00 00 01 63 01 63 00  01 00 00 01 67 01 67 00  |....c.c.....g.g.|
000002a0  01 00 00 01 6b 01 6b 00  01 00 00 01 7c 01 7c 00  |....k.k.....|.|.|
000002b0  01 00 00 01 7d 01 7d 00  01 00 00 01 7e 01 7e 00  |....}.}.....~.~.|
000002c0  01 00 00 01 7f 01 7f 00  01 00 00 01 80 01 80 00  |................|
000002d0  01 00 00 01 81 01 81 00  01 00 00 01 82 01 82 00  |................|
000002e0  01 00 00 01 83 01 83 00  01 00 00 01 84 01 84 00  |................|
000002f0  01 00 00 01 85 01 85 00  01 00 00 01 86 01 86 00  |................|
00000300  01 00 00 01 87 01 87 00  01 00 00 01 89 01 89 00  |................|
00000310  01 00 00 01 8a 01 8a 00  01 00 00 01 8b 01 8b 00  |................|
00000320  01 00 00 01 8c 01 8c 00  01 00 00 01 8d 01 8d 00  |................|
00000330  01 00 00 01 8e 01 8e 00  01 00 00 01 8f 01 8f 00  |................|
00000340  01 00 00 01 90 01 90 00  01 00 00 01 91 01 91 00  |................|
00000350  01 00 00 01 94 01 94 00  01 00 00 01 95 01 95 00  |................|
00000360  01 00 00 01 96 01 96 00  01 00 00 01 97 01 97 00  |................|
00000370  01 00 00 01 9d 01 9d 00  01 00 00 01 9e 01 9e 00  |................|
00000380  01 00 00 01 9f 01 9f 00  01 00 00 01 a0 01 a0 00  |................|
00000390  01 00 00 01 a1 01 a1 00  01 00 00 01 a2 01 a2 00  |................|
000003a0  01 00 00 01 a3 01 a3 00  01 00 00 01 a4 01 a4 00  |................|
000003b0  01 00 00 01 a5 01 a5 00  01 00 00 01 a6 01 a6 00  |................|
000003c0  01 00 00 01 a7 01 a7 00  01 00 00 01 a8 01 a8 00  |................|
000003d0  01 00 00 01 a9 01 a9 00  01 00 00 01 aa 01 aa 00  |................|
000003e0  01 00 00 01 ab 01 ab 00  01 00 00 01 ad 01 ad 00  |................|
000003f0  01 00 00 01 ae 01 ae 00  01 00 00 01 af 01 af 00  |................|
00000400  01 00 00 01 b0 01 b0 00  01 00 00 01 b1 01 b1 00  |................|
00000410  01 00 00 01 c1 01 c1 00  01 00 00 01 c2 01 c2 00  |................|
00000420  01 00 00 01 c6 01 c6 00  01 00 00 01 c7 01 c7 00  |................|
00000430  01 00 00 01 c8 01 c8 00  01 00 00 01 c9 01 c9 00  |................|
00000440  01 00 00 01 ca 01 ca 00  01 00 00 01 cb 01 cb 00  |................|
00000450  01 00 00 01 cc 01 cc 00  01 00 00 01 cd 01 cd 00  |................|
00000460  01 00 00 01 ce 01 ce 00  01 00 00 01 cf 01 cf 00  |................|
00000470  01 00 00 01 d2 01 d2 00  01 00 00 01 d3 01 d3 00  |................|
00000480  01 00 00 01 d4 01 d4 00  01 00 00 01 d5 01 d5 00  |................|
00000490  01 00 00 01 d6 01 d6 00  01 00 00 01 d7 01 d7 00  |................|
000004a0  01 00 00 01 d8 01 d8 00  01 00 00 01 d9 01 d9 00  |................|
000004b0  01 00 00 01 da 01 da 00  01 00 00 01 db 01 db 00  |................|
000004c0  01 00 00 01 dc 01 dc 00  01 00 00 01 dd 01 dd 00  |................|
000004d0  01 00 00 01 de 01 de 00  01 00 00 01 df 01 df 00  |................|
000004e0  01 00 00 01 e0 01 e0 00  01 00 00 01 e1 01 e1 00  |................|
000004f0  01 00 00 01 e2 01 e2 00  01 00 00 01 e3 01 e3 00  |................|
00000500  01 00 00 01 e4 01 e4 00  01 00 00 01 e5 01 e5 00  |................|
00000510  01 00 00 01 e6 01 e6 00  01 00 00 01 ea 01 ea 00  |................|
00000520  01 00 00 01 eb 01 eb 00  01 00 00 01 ec 01 ec 00  |................|
00000530  01 00 00 01 ed 01 ed 00  01 00 00 01 ee 01 ee 00  |................|
00000540  01 00 00 01 ef 01 ef 00  01 00 00 01 f0 01 f0 00  |................|
00000550  01 00 00 01 f2 01 f2 00  01 00 00 01 f3 01 f3 00  |................|
00000560  01 00 00 01 f4 01 f4 00  01 00 00 01 f5 01 f5 00  |................|
00000570  01 00 00 01 f6 01 f6 00  01 00 00 01 fd 01 fd 00  |................|
00000580  01 00 00 01 fe 01 fe 00  01 00 00 02 01 02 01 00  |................|
00000590  01 00 00 02 02 02 02 00  01 00 00 02 04 02 04 00  |................|
000005a0  01 00 00 02 05 02 05 00  01 00 00 02 06 02 06 00  |................|
000005b0  01 00 00 02 07 02 07 00  01 00 00 02 08 02 08 00  |................|
000005c0  01 00 00 02 09 02 09 00  01 00 00 02 0a 02 0a 00  |................|
000005d0  01 00 00 02 0b 02 0b 00  01 00 00 02 0c 02 0c 00  |................|
000005e0  01 00 00 02 0d 02 0d 00  01 00 00 02 0e 02 0e 00  |................|
000005f0  01 00 00 02 0f 02 0f 00  01 00 00 02 10 02 10 00  |................|
00000600  01 00 00 02 11 02 11 00  01 00 00 02 12 02 12 00  |................|
00000610  01 00 00 02 13 02 13 00  01 00 00 02 14 02 14 00  |................|
00000620  01 00 00 02 15 02 15 00  01 00 00 02 16 02 16 00  |................|
00000630  01 00 00 02 17 02 17 00  01 00 00 02 18 02 18 00  |................|
00000640  01 00 00 02 19 02 19 00  01 00 00 02 1a 02 1a 00  |................|
00000650  01 00 00 02 1b 02 1b 00  01 00 00 02 1c 02 1c 00  |................|
00000660  01 00 00 02 1d 02 1d 00  01 00 00 02 1e 02 1e 00  |................|
00000670  01 00 00 02 1f 02 1f 00  01 00 00 02 30 02 30 00  |............0.0.|
00000680  01 00 00 02 35 02 35 00  01 00 00 02 3c 02 3c 00  |....5.5.....<.<.|
00000690  01 00 00 02 3d 02 3d 00  01 00 00 02 3e 02 3e 00  |....=.=.....>.>.|
000006a0  01 00 00 02 3f 02 3f 00  01 00 00 02 40 02 40 00  |....?.?.....@.@.|
000006b0  01 00 00 02 42 02 42 00  01 00 00 02 33 02 33 00  |....B.B.....3.3.|
000006c0  01 00 00 02 34 02 34 00  01 00 00 02 43 02 43 00  |....4.4.....C.C.|
000006d0  01 00 00 02 44 02 44 00  01 00 00 02 45 02 45 00  |....D.D.....E.E.|
000006e0  01 00 00 02 46 02 46 00  01 00 00 02 47 02 47 00  |....F.F.....G.G.|
000006f0  01 00 00 02 48 02 48 00  01 00 00 02 49 02 49 00  |....H.H.....I.I.|
00000700  01 00 00 00 03 00 02 00  0a 00 00 00 04 00 02 00  |................|
00000710  0a 00 00 00 05 00 01 00  01 00 00 00 06 00 02 00  |................|
00000720  0a 00 00 00 07 00 02 00  0a 00 00 00 09 00 01 00  |................|
00000730  01 00 00 00 0d 00 00 00  0e 00 00 00 0f 00 17 00  |................|
00000740  01 00 00 00 10 00 00 00  11 00 00 00 12 00 00 00  |................|
00000750  13 00 00 00 14 00 00 00  15 00 00 00 16 00 00 00  |................|
00000760  27 00 78 00 01 00 00 00  3a 00 00 00 44 00 02 00  |'.x.....:...D...|
00000770  0a 00 00 00 45 00 00 00  46 00 00 00 4a 00 00 00  |....E...F...J...|
00000780  4c 00 00 00 5b 00 02 00  0a 00 00 00 5e 00 01 00  |L...[.......^...|
00000790  01 00 00 00 5f 00 17 00  01 00 00 00 60 00 60 00  |...._.......`.`.|
000007a0  01 00 00 00 61 00 60 00  01 00 00 00 64 00 64 00  |....a.`.....d.d.|
000007b0  01 00 00 00 65 00 65 00  01 00 00 00 66 00 66 00  |....e.e.....f.f.|
000007c0  01 00 00 00 68 00 0b 00  01 00 00 00 69 00 00 00  |....h.......i...|
000007d0  6a 00 6a 00 01 00 00 00  6c 00 6d 00 01 00 00 00  |j.j.....l.m.....|
000007e0  6d 00 6d 00 01 00 00 00  6e 00 6f 00 01 00 00 00  |m.m.....n.o.....|
000007f0  6f 00 6f 00 01 00 00 00  70 00 70 00 01 00 00 00  |o.o.....p.p.....|
00000800  71 00 71 00 01 00 00 00  72 00 72 00 01 00 00 00  |q.q.....r.r.....|
00000810  73 00 73 00 01 00 00 00  74 00 66 00 01 00 00 00  |s.s.....t.f.....|
00000820  76 00 00 00 77 00 77 00  00 00 00 00 79 00 00 00  |v...w.w.....y...|
00000830  7a 00 00 00 7b 00 00 00  88 00 00 00 92 00 92 00  |z...{...........|
00000840  01 00 00 00 93 00 00 00  98 00 02 00 0a 00 00 00  |................|
00000850  99 00 02 00 0a 00 00 00  9a 00 02 00 0a 00 00 00  |................|
00000860  9b 00 01 00 01 00 00 00  9c 00 0c 00 0a 00 00 00  |................|
00000870  ac 00 02 00 0a 00 00 00  b2 00 b2 00 01 00 00 00  |................|
00000880  b3 00 b3 00 01 00 00 00  b4 00 b4 00 01 00 00 00  |................|
00000890  b5 00 b5 00 01 00 00 00  b6 00 b6 00 01 00 00 00  |................|
000008a0  b7 00 b7 00 01 00 00 00  b8 00 0c 00 0a 00 00 00  |................|
000008b0  b9 00 b9 00 01 00 00 00  ba 00 ba 00 01 00 00 00  |................|
000008c0  bb 00 bb 00 01 00 00 00  bc 00 bc 00 01 00 00 00  |................|
000008d0  bd 00 bd 00 01 00 00 00  be 00 be 00 01 00 00 00  |................|
000008e0  bf 00 00 00 c0 00 00 00  c3 00 70 00 01 00 00 00  |..........p.....|
000008f0  c4 00 71 00 01 00 00 00  c5 00 72 00 01 00 00 00  |..q.......r.....|
00000900  d0 00 d0 00 01 00 00 00  d1 00 00 00 e7 00 e7 00  |................|
00000910  01 00 00 00 e8 00 e7 00  01 00 00 00 e9 00 e9 00  |................|
00000920  01 00 00 00 fc 00 fc 00  01 00 00 00 f1 00 6d 00  |..............m.|
00000930  01 00 00 02 03 00 00 02  4e 02 4e 00 01 00 00 02  |........N.N.....|
00000940  4f 02 4f 00 01 00 00 02  50 02 50 00 01 00 00 02  |O.O.....P.P.....|
00000950  65 02 65 00 01 00 00 02  66 02 66 00 01 00 00 02  |e.e.....f.f.....|
00000960  67 02 67 00 01 00 00 02  68 02 68 00 01 00 00 02  |g.g.....h.h.....|
00000970  63 02 63 00 01 00 00 02  64 02 64 00 01 00 00 02  |c.c.....d.d.....|
00000980  51 02 51 00 01 00 00 02  52 02 52 00 01 00 00 02  |Q.Q.....R.R.....|
00000990  53 02 53 00 01 00 00 02  54 02 54 00 01 00 00 02  |S.S.....T.T.....|
000009a0  55 02 55 00 01 00 00 02  56 02 56 00 01 00 00 02  |U.U.....V.V.....|
000009b0  57 02 57 00 01 00 00 02  58 02 58 00 01 00 00 02  |W.W.....X.X.....|
000009c0  59 02 59 00 01 00 00 02  5a 02 5a 00 01 00 00 02  |Y.Y.....Z.Z.....|
000009d0  5b 02 5b 00 01 00 00 02  5c 02 5c 00 01 00 00 02  |[.[.....\.\.....|
000009e0  5d 02 5d 00 01 00 00 02  6e 02 6e 00 01 00 00 02  |].].....n.n.....|
000009f0  6f 02 6f 00 01 00 00 02  70 02 70 00 01 00 00 02  |o.o.....p.p.....|
00000a00  71 02 71 00 01 00 00 02  72 02 72 00 01 00 00 02  |q.q.....r.r.....|
00000a10  73 02 73 00 01 00 00 02  74 02 74 00 01 00 00 02  |s.s.....t.t.....|
00000a20  75 02 75 00 01 00 00 02  76 02 76 00 01 00 00 02  |u.u.....v.v.....|
00000a30  77 02 77 00 01 00 00 02  78 02 78 00 01 00 00 02  |w.w.....x.x.....|
00000a40  7d 02 7d 00 01 00 00 02  7e 02 7e 00 01 00 00 02  |}.}.....~.~.....|
00000a50  7c 02 7c 00 01 00 00 02  7f 02 7f 00 01 00 00 02  ||.|.............|
00000a60  80 02 80 00 01 00 00 00  00                       |.........|
2024-10-09T08:08:27.9630: 
Read packet:
00000000  00 00 0a a8 06 20 00 00  00 00 02 80 00 00 00 3c  |..... .........<|
00000010  3c 3c 80 00 00 00 00 00  00 26 00 01 00 01 00 01  |<<.......&......|
00000020  00 00 00 02 00 02 00 0a  00 00 00 08 00 08 00 01  |................|
00000030  00 00 00 0c 00 0c 00 0a  00 00 00 17 00 17 00 01  |................|
00000040  00 00 00 18 00 18 00 01  00 00 00 19 00 19 00 01  |................|
00000050  00 00 00 1a 00 1a 00 01  00 00 00 1b 00 1b 00 01  |................|
00000060  00 00 00 1c 00 1c 00 01  00 00 00 1d 00 1d 00 01  |................|
00000070  00 00 00 1e 00 1e 00 01  00 00 00 1f 00 1f 00 01  |................|
00000080  00 00 00 20 00 20 00 01  00 00 00 21 00 21 00 01  |... . .....!.!..|
00000090  00 00 00 0a 00 0a 00 01  00 00 00 0b 00 0b 00 01  |................|
000000a0  00 00 00 28 00 28 00 01  00 00 00 29 00 29 00 01  |...(.(.....).)..|
000000b0  00 00 00 75 00 75 00 01  00 00 00 78 00 78 00 01  |...u.u.....x.x..|
000000c0  00 00 01 22 01 22 00 01  00 00 01 23 01 23 00 01  |...".".....#.#..|
000000d0  00 00 01 24 01 24 00 01  00 00 01 25 01 25 00 01  |...$.$.....%.%..|
000000e0  00 00 01 26 01 26 00 01  00 00 01 2a 01 2a 00 01  |...&.&.....*.*..|
000000f0  00 00 01 2b 01 2b 00 01  00 00 01 2c 01 2c 00 01  |...+.+.....,.,..|
00000100  00 00 01 2d 01 2d 00 01  00 00 01 2e 01 2e 00 01  |...-.-..........|
00000110  00 00 01 2f 01 2f 00 01  00 00 01 30 01 30 00 01  |..././.....0.0..|
00000120  00 00 01 31 01 31 00 01  00 00 01 32 01 32 00 01  |...1.1.....2.2..|
00000130  00 00 01 33 01 33 00 01  00 00 01 34 01 34 00 01  |...3.3.....4.4..|
00000140  00 00 01 35 01 35 00 01  00 00 01 36 01 36 00 01  |...5.5.....6.6..|
00000150  00 00 01 37 01 37 00 01  00 00 01 38 01 38 00 01  |...7.7.....8.8..|
00000160  00 00 01 39 01 39 00 01  00 00 01 3b 01 3b 00 01  |...9.9.....;.;..|
00000170  00 00 01 3c 01 3c 00 01  00 00 01 3d 01 3d 00 01  |...<.<.....=.=..|
00000180  00 00 01 3e 01 3e 00 01  00 00 01 3f 01 3f 00 01  |...>.>.....?.?..|
00000190  00 00 01 40 01 40 00 01  00 00 01 41 01 41 00 01  |...@.@.....A.A..|
000001a0  00 00 01 42 01 42 00 01  00 00 01 43 01 43 00 01  |...B.B.....C.C..|
000001b0  00 00 01 47 01 47 00 01  00 00 01 48 01 48 00 01  |...G.G.....H.H..|
000001c0  00 00 01 49 01 49 00 01  00 00 01 4b 01 4b 00 01  |...I.I.....K.K..|
000001d0  00 00 01 4d 01 4d 00 01  00 00 01 4e 01 4e 00 01  |...M.M.....N.N..|
000001e0  00 00 01 4f 01 4f 00 01  00 00 01 50 01 50 00 01  |...O.O.....P.P..|
000001f0  00 00 01 51 01 51 00 01  00 00 01 52 01 52 00 01  |...Q.Q.....R.R..|
00000200  00 00 01 53 01 53 00 01  00 00 01 54 01 54 00 01  |...S.S.....T.T..|
00000210  00 00 01 55 01 55 00 01  00 00 01 56 01 56 00 01  |...U.U.....V.V..|
00000220  00 00 01 57 01 57 00 01  00 00 01 58 01 58 00 01  |...W.W.....X.X..|
00000230  00 00 01 59 01 59 00 01  00 00 01 5a 01 5a 00 01  |...Y.Y.....Z.Z..|
00000240  00 00 01 5c 01 5c 00 01  00 00 01 5d 01 5d 00 01  |...\.\.....].]..|
00000250  00 00 01 62 01 62 00 01  00 00 01 63 01 63 00 01  |...b.b.....c.c..|
00000260  00 00 01 67 01 67 00 01  00 00 01 6b 01 6b 00 01  |...g.g.....k.k..|
00000270  00 00 01 7c 01 7c 00 01  00 00 01 7d 01 7d 00 01  |...|.|.....}.}..|
00000280  00 00 01 7e 01 7e 00 01  00 00 01 7f 01 7f 00 01  |...~.~..........|
00000290  00 00 01 80 01 80 00 01  00 00 01 81 01 81 00 01  |................|
000002a0  00 00 01 82 01 82 00 01  00 00 01 83 01 83 00 01  |................|
000002b0  00 00 01 84 01 84 00 01  00 00 01 85 01 85 00 01  |................|
000002c0  00 00 01 86 01 86 00 01  00 00 01 87 01 87 00 01  |................|
000002d0  00 00 01 89 01 89 00 01  00 00 01 8a 01 8a 00 01  |................|
000002e0  00 00 01 8b 01 8b 00 01  00 00 01 8c 01 8c 00 01  |................|
000002f0  00 00 01 8d 01 8d 00 01  00 00 01 8e 01 8e 00 01  |................|
00000300  00 00 01 8f 01 8f 00 01  00 00 01 90 01 90 00 01  |................|
00000310  00 00 01 91 01 91 00 01  00 00 01 94 01 94 00 01  |................|
00000320  00 00 01 95 01 95 00 01  00 00 01 96 01 96 00 01  |................|
00000330  00 00 01 97 01 97 00 01  00 00 01 9d 01 9d 00 01  |................|
00000340  00 00 01 9e 01 9e 00 01  00 00 01 9f 01 9f 00 01  |................|
00000350  00 00 01 a0 01 a0 00 01  00 00 01 a1 01 a1 00 01  |................|
00000360  00 00 01 a2 01 a2 00 01  00 00 01 a3 01 a3 00 01  |................|
00000370  00 00 01 a4 01 a4 00 01  00 00 01 a5 01 a5 00 01  |................|
00000380  00 00 01 a6 01 a6 00 01  00 00 01 a7 01 a7 00 01  |................|
00000390  00 00 01 a8 01 a8 00 01  00 00 01 a9 01 a9 00 01  |................|
000003a0  00 00 01 aa 01 aa 00 01  00 00 01 ab 01 ab 00 01  |................|
000003b0  00 00 01 ad 01 ad 00 01  00 00 01 ae 01 ae 00 01  |................|
000003c0  00 00 01 af 01 af 00 01  00 00 01 b0 01 b0 00 01  |................|
000003d0  00 00 01 b1 01 b1 00 01  00 00 01 c1 01 c1 00 01  |................|
000003e0  00 00 01 c2 01 c2 00 01  00 00 01 c6 01 c6 00 01  |................|
000003f0  00 00 01 c7 01 c7 00 01  00 00 01 c8 01 c8 00 01  |................|
00000400  00 00 01 c9 01 c9 00 01  00 00 01 ca 01 ca 00 01  |................|
00000410  00 00 01 cb 01 cb 00 01  00 00 01 cc 01 cc 00 01  |................|
00000420  00 00 01 cd 01 cd 00 01  00 00 01 ce 01 ce 00 01  |................|
00000430  00 00 01 cf 01 cf 00 01  00 00 01 d2 01 d2 00 01  |................|
00000440  00 00 01 d3 01 d3 00 01  00 00 01 d4 01 d4 00 01  |................|
00000450  00 00 01 d5 01 d5 00 01  00 00 01 d6 01 d6 00 01  |................|
00000460  00 00 01 d7 01 d7 00 01  00 00 01 d8 01 d8 00 01  |................|
00000470  00 00 01 d9 01 d9 00 01  00 00 01 da 01 da 00 01  |................|
00000480  00 00 01 db 01 db 00 01  00 00 01 dc 01 dc 00 01  |................|
00000490  00 00 01 dd 01 dd 00 01  00 00 01 de 01 de 00 01  |................|
000004a0  00 00 01 df 01 df 00 01  00 00 01 e0 01 e0 00 01  |................|
000004b0  00 00 01 e1 01 e1 00 01  00 00 01 e2 01 e2 00 01  |................|
000004c0  00 00 01 e3 01 e3 00 01  00 00 01 e4 01 e4 00 01  |................|
000004d0  00 00 01 e5 01 e5 00 01  00 00 01 e6 01 e6 00 01  |................|
000004e0  00 00 01 ea 01 ea 00 01  00 00 01 eb 01 eb 00 01  |................|
000004f0  00 00 01 ec 01 ec 00 01  00 00 01 ed 01 ed 00 01  |................|
00000500  00 00 01 ee 01 ee 00 01  00 00 01 ef 01 ef 00 01  |................|
00000510  00 00 01 f0 01 f0 00 01  00 00 01 f2 01 f2 00 01  |................|
00000520  00 00 01 f3 01 f3 00 01  00 00 01 f4 01 f4 00 01  |................|
00000530  00 00 01 f5 01 f5 00 01  00 00 01 f6 01 f6 00 01  |................|
00000540  00 00 01 fd 01 fd 00 01  00 00 01 fe 01 fe 00 01  |................|
00000550  00 00 02 01 02 01 00 01  00 00 02 02 02 02 00 01  |................|
00000560  00 00 02 04 02 04 00 01  00 00 02 05 02 05 00 01  |................|
00000570  00 00 02 06 02 06 00 01  00 00 02 07 02 07 00 01  |................|
00000580  00 00 02 08 02 08 00 01  00 00 02 09 02 09 00 01  |................|
00000590  00 00 02 0a 02 0a 00 01  00 00 02 0b 02 0b 00 01  |................|
000005a0  00 00 02 0c 02 0c 00 01  00 00 02 0d 02 0d 00 01  |................|
000005b0  00 00 02 0e 02 0e 00 01  00 00 02 0f 02 0f 00 01  |................|
000005c0  00 00 02 10 02 10 00 01  00 00 02 11 02 11 00 01  |................|
000005d0  00 00 02 12 02 12 00 01  00 00 02 13 02 13 00 01  |................|
000005e0  00 00 02 14 02 14 00 01  00 00 02 15 02 15 00 01  |................|
000005f0  00 00 02 16 02 16 00 01  00 00 02 17 02 17 00 01  |................|
00000600  00 00 02 18 02 18 00 01  00 00 02 19 02 19 00 01  |................|
00000610  00 00 02 1a 02 1a 00 01  00 00 02 1b 02 1b 00 01  |................|
00000620  00 00 02 1f 02 1f 00 01  00 00 02 20 00 00 02 21  |........... ...!|
00000630  00 00 02 22 00 00 02 23  00 00 02 24 00 00 02 25  |..."...#...$...%|
00000640  00 00 02 26 00 00 02 27  00 00 02 28 00 00 02 29  |...&...'...(...)|
00000650  00 00 02 2a 00 00 02 2b  00 00 02 2c 00 00 02 2d  |...*...+...,...-|
00000660  00 00 02 2e 00 00 02 2f  00 00 02 30 02 30 00 01  |......./...0.0..|
00000670  00 00 02 31 00 00 02 32  00 00 02 33 02 33 00 01  |...1...2...3.3..|
00000680  00 00 02 34 02 34 00 01  00 00 02 36 00 00 02 37  |...4.4.....6...7|
00000690  00 00 02 38 00 00 02 39  00 00 02 3a 00 00 02 3b  |...8...9...:...;|
000006a0  00 00 02 3c 02 3c 00 01  00 00 02 3d 02 3d 00 01  |...<.<.....=.=..|
000006b0  00 00 02 3e 02 3e 00 01  00 00 02 3f 02 3f 00 01  |...>.>.....?.?..|
000006c0  00 00 02 40 02 40 00 01  00 00 02 41 00 00 02 42  |...@.@.....A...B|
000006d0  02 42 00 01 00 00 02 43  02 43 00 01 00 00 02 44  |.B.....C.C.....D|
000006e0  02 44 00 01 00 00 02 45  02 45 00 01 00 00 02 46  |.D.....E.E.....F|
000006f0  02 46 00 01 00 00 02 47  02 47 00 01 00 00 02 48  |.F.....G.G.....H|
00000700  02 48 00 01 00 00 02 49  02 49 00 01 00 00 02 4a  |.H.....I.I.....J|
00000710  00 00 02 4b 00 00 02 4c  00 00 02 4d 00 00 02 4e  |...K...L...M...N|
00000720  02 4e 00 01 00 00 02 4f  02 4f 00 01 00 00 02 50  |.N.....O.O.....P|
00000730  02 50 00 01 00 00 02 51  02 51 00 01 00 00 02 52  |.P.....Q.Q.....R|
00000740  02 52 00 01 00 00 02 53  02 53 00 01 00 00 02 54  |.R.....S.S.....T|
00000750  02 54 00 01 00 00 02 55  02 55 00 01 00 00 02 56  |.T.....U.U.....V|
00000760  02 56 00 01 00 00 02 57  02 57 00 01 00 00 02 58  |.V.....W.W.....X|
00000770  02 58 00 01 00 00 02 59  02 59 00 01 00 00 02 5a  |.X.....Y.Y.....Z|
00000780  02 5a 00 01 00 00 02 5b  02 5b 00 01 00 00 02 5c  |.Z.....[.[.....\|
00000790  02 5c 00 01 00 00 02 5d  02 5d 00 01 00 00 02 63  |.\.....].].....c|
000007a0  02 63 00 01 00 00 02 64  02 64 00 01 00 00 02 65  |.c.....d.d.....e|
000007b0  02 65 00 01 00 00 02 66  02 66 00 01 00 00 02 67  |.e.....f.f.....g|
000007c0  02 67 00 01 00 00 02 68  02 68 00 01 00 00 02 69  |.g.....h.h.....i|
000007d0  00 00 02 6e 02 6e 00 01  00 00 02 6f 02 6f 00 01  |...n.n.....o.o..|
000007e0  00 00 02 70 02 70 00 01  00 00 02 71 02 71 00 01  |...p.p.....q.q..|
000007f0  00 00 02 72 02 72 00 01  00 00 02 73 02 73 00 01  |...r.r.....s.s..|
00000800  00 00 02 74 02 74 00 01  00 00 02 75 02 75 00 01  |...t.t.....u.u..|
00000810  00 00 02 76 02 76 00 01  00 00 02 77 02 77 00 01  |...v.v.....w.w..|
00000820  00 00 02 78 02 78 00 01  00 00 02 79 00 00 02 7a  |...x.x.....y...z|
00000830  00 00 02 7b 00 00 02 7c  02 7c 00 01 00 00 02 7d  |...{...|.|.....}|
00000840  02 7d 00 01 00 00 02 7e  02 7e 00 01 00 00 02 7f  |.}.....~.~......|
00000850  02 7f 00 01 00 00 02 80  02 80 00 01 00 00 02 81  |................|
00000860  00 00 02 82 00 00 02 83  00 00 02 84 00 00 02 85  |................|
00000870  00 00 02 86 00 00 02 87  00 00 02 88 00 00 02 89  |................|
00000880  00 00 02 8a 00 00 02 8b  00 00 00 03 00 02 00 0a  |................|
00000890  00 00 00 04 00 02 00 0a  00 00 00 05 00 01 00 01  |................|
000008a0  00 00 00 06 00 02 00 0a  00 00 00 07 00 02 00 0a  |................|
000008b0  00 00 00 09 00 01 00 01  00 00 00 0d 00 00 00 0e  |................|
000008c0  00 00 00 0f 00 17 00 01  00 00 00 10 00 00 00 11  |................|
000008d0  00 00 00 12 00 00 00 13  00 00 00 14 00 00 00 15  |................|
000008e0  00 00 00 16 00 00 00 27  00 00 00 3a 00 00 00 44  |.......'...:...D|
000008f0  00 02 00 0a 00 00 00 45  00 00 00 46 00 00 00 4a  |.......E...F...J|
00000900  00 00 00 4c 00 00 00 5b  00 02 00 0a 00 00 00 5e  |...L...[.......^|
00000910  00 01 00 01 00 00 00 5f  00 17 00 01 00 00 00 60  |......._.......`|
00000920  00 60 00 01 00 00 00 61  00 60 00 01 00 00 00 64  |.`.....a.`.....d|
00000930  00 64 00 01 00 00 00 65  00 65 00 01 00 00 00 66  |.d.....e.e.....f|
00000940  00 66 00 01 00 00 00 68  00 00 00 69 00 00 00 6a  |.f.....h...i...j|
00000950  00 6a 00 01 00 00 00 6c  00 6d 00 01 00 00 00 6d  |.j.....l.m.....m|
00000960  00 6d 00 01 00 00 00 6e  00 6f 00 01 00 00 00 6f  |.m.....n.o.....o|
00000970  00 6f 00 01 00 00 00 70  00 70 00 01 00 00 00 71  |.o.....p.p.....q|
00000980  00 71 00 01 00 00 00 72  00 72 00 01 00 00 00 73  |.q.....r.r.....s|
00000990  00 73 00 01 00 00 00 74  00 66 00 01 00 00 00 76  |.s.....t.f.....v|
000009a0  00 00 00 79 00 00 00 7a  00 00 00 7b 00 00 00 88  |...y...z...{....|
000009b0  00 00 00 92 00 92 00 01  00 00 00 93 00 00 00 98  |................|
000009c0  00 02 00 0a 00 00 00 99  00 02 00 0a 00 00 00 9a  |................|
000009d0  00 02 00 0a 00 00 00 9b  00 01 00 01 00 00 00 9c  |................|
000009e0  00 0c 00 0a 00 00 00 ac  00 02 00 0a 00 00 00 b2  |................|
000009f0  00 b2 00 01 00 00 00 b3  00 b3 00 01 00 00 00 b4  |................|
00000a00  00 b4 00 01 00 00 00 b5  00 b5 00 01 00 00 00 b6  |................|
00000a10  00 b6 00 01 00 00 00 b7  00 b7 00 01 00 00 00 b8  |................|
00000a20  00 0c 00 0a 00 00 00 b9  00 00 00 ba 00 00 00 bb  |................|
00000a30  00 00 00 bc 00 00 00 bd  00 00 00 be 00 00 00 bf  |................|
00000a40  00 00 00 c0 00 00 00 c3  00 70 00 01 00 00 00 c4  |.........p......|
00000a50  00 71 00 01 00 00 00 c5  00 72 00 01 00 00 00 d0  |.q.......r......|
00000a60  00 d0 00 01 00 00 00 d1  00 00 00 e7 00 e7 00 01  |................|
00000a70  00 00 00 e8 00 e7 00 01  00 00 00 e9 00 e9 00 01  |................|
00000a80  00 00 00 f1 00 6d 00 01  00 00 00 f5 00 00 00 f6  |.....m..........|
00000a90  00 00 00 fa 00 00 00 fb  00 00 00 fc 00 fc 00 01  |................|
00000aa0  00 00 02 03 00 00 00 00                           |........|
2024-10-09T08:08:27.9633: DB timezone: +00:00
2024-10-09T08:08:27.9634: TTC Version: 11
2024-10-09T08:08:27.9634: doAuth
2024-10-09T08:08:27.9634: 
Write packet:
00000000  00 00 00 ad 06 00 00 00  00 00 03 76 00 01 01 09  |...........v....|
00000010  01 01 01 01 05 01 01 09  6a 65 61 6e 73 69 6d 61  |........jeansima|
00000020  73 01 0d 0d 41 55 54 48  5f 54 45 52 4d 49 4e 41  |s...AUTH_TERMINA|
00000030  4c 01 08 08 54 49 2d 43  46 2d 30 33 00 01 0f 0f  |L...TI-CF-03....|
00000040  41 55 54 48 5f 50 52 4f  47 52 41 4d 5f 4e 4d 01  |AUTH_PROGRAM_NM.|
00000050  13 13 74 61 73 6b 73 2d  77 65 62 73 6f 63 6b 65  |..tasks-websocke|
00000060  74 2e 65 78 65 00 01 0c  0c 41 55 54 48 5f 4d 41  |t.exe....AUTH_MA|
00000070  43 48 49 4e 45 01 08 08  54 49 2d 43 46 2d 30 33  |CHINE...TI-CF-03|
00000080  00 01 08 08 41 55 54 48  5f 50 49 44 01 04 04 34  |....AUTH_PID...4|
00000090  32 37 32 00 01 08 08 41  55 54 48 5f 53 49 44 01  |272....AUTH_SID.|
000000a0  0a 0a 6a 65 61 6e 2e 73  69 6d 61 73 00           |..jean.simas.|
2024-10-09T08:08:27.9835: 
Read packet:
00000000  00 00 01 72 06 20 00 00  00 00 08 01 06 01 0c 0c  |...r. ..........|
00000010  41 55 54 48 5f 53 45 53  53 4b 45 59 01 40 40 44  |AUTH_SESSKEY.@@D|
00000020  37 34 33 36 32 37 43 36  39 30 32 35 37 31 45 37  |743627C6902571E7|
00000030  34 46 34 34 42 32 34 31  42 30 43 34 35 46 36 36  |4F44B241B0C45F66|
00000040  42 32 46 35 38 44 41 43  32 43 46 42 39 35 42 43  |B2F58DAC2CFB95BC|
00000050  37 46 35 45 33 45 39 44  39 37 37 38 44 44 32 00  |7F5E3E9D9778DD2.|
00000060  01 0d 0d 41 55 54 48 5f  56 46 52 5f 44 41 54 41  |...AUTH_VFR_DATA|
00000070  01 20 20 37 42 41 38 44  31 45 33 32 42 39 42 44  |.  7BA8D1E32B9BD|
00000080  39 30 45 41 41 39 42 44  41 33 36 45 37 46 31 33  |90EAA9BDA36E7F13|
00000090  30 41 37 02 48 15 01 14  14 41 55 54 48 5f 50 42  |0A7.H....AUTH_PB|
000000a0  4b 44 46 32 5f 43 53 4b  5f 53 41 4c 54 01 20 20  |KDF2_CSK_SALT.  |
000000b0  44 36 33 45 31 39 43 38  42 37 33 38 31 31 46 32  |D63E19C8B73811F2|
000000c0  34 39 42 37 43 43 43 35  44 36 42 38 37 45 45 44  |49B7CCC5D6B87EED|
000000d0  00 01 16 16 41 55 54 48  5f 50 42 4b 44 46 32 5f  |....AUTH_PBKDF2_|
000000e0  56 47 45 4e 5f 43 4f 55  4e 54 01 04 04 34 30 39  |VGEN_COUNT...409|
000000f0  36 00 01 16 16 41 55 54  48 5f 50 42 4b 44 46 32  |6....AUTH_PBKDF2|
00000100  5f 53 44 45 52 5f 43 4f  55 4e 54 01 01 01 33 00  |_SDER_COUNT...3.|
00000110  01 1a 1a 41 55 54 48 5f  47 4c 4f 42 41 4c 4c 59  |...AUTH_GLOBALLY|
00000120  5f 55 4e 49 51 55 45 5f  44 42 49 44 00 01 20 20  |_UNIQUE_DBID..  |
00000130  31 32 39 46 41 41 46 38  41 39 42 32 31 31 36 45  |129FAAF8A9B2116E|
00000140  41 42 46 46 30 42 44 45  38 44 35 35 43 34 38 38  |ABFF0BDE8D55C488|
00000150  00 04 01 01 01 02 00 00  00 00 00 00 00 00 00 00  |................|
00000160  00 00 00 00 00 00 00 00  00 00 00 00 00 00 00 00  |................|
00000170  00 00                                             |..|
2024-10-09T08:08:27.9837: Summary: RetCode:0, Error Message:""
2024-10-09T08:08:27.9890: 
Write packet:
00000000  00 00 04 70 06 00 00 00  00 00 03 73 00 01 01 09  |...p.......s....|
00000010  02 01 01 01 01 0f 01 01  09 6a 65 61 6e 73 69 6d  |.........jeansim|
00000020  61 73 01 0c 0c 41 55 54  48 5f 53 45 53 53 4b 45  |as...AUTH_SESSKE|
00000030  59 01 40 40 34 30 30 35  36 38 43 34 35 43 44 31  |Y.@@400568C45CD1|
00000040  38 37 43 34 39 33 30 42  39 46 44 43 42 36 45 37  |87C4930B9FDCB6E7|
00000050  39 44 43 30 45 34 41 34  41 35 38 38 39 44 34 39  |9DC0E4A4A5889D49|
00000060  42 41 41 38 31 45 35 36  37 39 39 44 31 39 38 34  |BAA81E56799D1984|
00000070  42 37 32 45 01 01 01 0d  0d 41 55 54 48 5f 50 41  |B72E.....AUTH_PA|
00000080  53 53 57 4f 52 44 01 40  40 35 30 39 37 32 31 39  |SSWORD.@@5097219|
00000090  34 46 46 42 38 43 38 30  38 44 32 33 31 45 31 32  |4FFB8C808D231E12|
000000a0  32 35 38 33 45 35 36 46  31 46 45 33 34 30 46 45  |2583E56F1FE340FE|
000000b0  30 32 30 37 39 39 41 33  35 46 41 44 36 36 35 32  |020799A35FAD6652|
000000c0  32 32 44 36 35 30 32 36  43 00 01 16 16 41 55 54  |22D65026C....AUT|
000000d0  48 5f 50 42 4b 44 46 32  5f 53 50 45 45 44 59 5f  |H_PBKDF2_SPEEDY_|
000000e0  4b 45 59 01 a0 a0 44 46  46 35 30 35 33 33 36 39  |KEY...DFF5053369|
000000f0  30 36 43 44 41 33 32 36  31 31 38 45 34 31 46 45  |06CDA326118E41FE|
00000100  32 38 44 37 39 41 43 30  45 33 37 36 41 42 43 39  |28D79AC0E376ABC9|
00000110  38 32 31 42 32 31 37 42  43 46 44 31 32 36 44 32  |821B217BCFD126D2|
00000120  46 45 32 30 30 32 34 39  36 41 37 46 41 35 46 33  |FE2002496A7FA5F3|
00000130  44 34 37 41 32 35 41 34  36 35 35 43 46 46 39 35  |D47A25A4655CFF95|
00000140  41 44 42 46 32 43 41 34  38 43 35 45 44 37 46 32  |ADBF2CA48C5ED7F2|
00000150  44 46 44 45 32 35 44 36  42 37 31 30 41 39 38 42  |DFDE25D6B710A98B|
00000160  44 34 46 35 34 30 41 45  41 42 33 46 45 44 44 44  |D4F540AEAB3FEDDD|
00000170  43 42 41 44 46 45 41 41  30 37 37 33 39 46 34 34  |CBADFEAA07739F44|
00000180  34 37 45 45 44 44 00 01  0d 0d 41 55 54 48 5f 54  |47EEDD....AUTH_T|
00000190  45 52 4d 49 4e 41 4c 01  08 08 54 49 2d 43 46 2d  |ERMINAL...TI-CF-|
000001a0  30 33 00 01 0f 0f 41 55  54 48 5f 50 52 4f 47 52  |03....AUTH_PROGR|
000001b0  41 4d 5f 4e 4d 01 13 13  74 61 73 6b 73 2d 77 65  |AM_NM...tasks-we|
000001c0  62 73 6f 63 6b 65 74 2e  65 78 65 00 01 0c 0c 41  |bsocket.exe....A|
000001d0  55 54 48 5f 4d 41 43 48  49 4e 45 01 08 08 54 49  |UTH_MACHINE...TI|
000001e0  2d 43 46 2d 30 33 00 01  08 08 41 55 54 48 5f 50  |-CF-03....AUTH_P|
000001f0  49 44 01 04 04 34 32 37  32 00 01 08 08 41 55 54  |ID...4272....AUT|
00000200  48 5f 53 49 44 01 0a 0a  6a 65 61 6e 2e 73 69 6d  |H_SID...jean.sim|
00000210  61 73 00 01 13 13 41 55  54 48 5f 43 4f 4e 4e 45  |as....AUTH_CONNE|
00000220  43 54 5f 53 54 52 49 4e  47 02 01 1e fe 02 01 1e  |CT_STRING.......|
00000230  28 44 45 53 43 52 49 50  54 49 4f 4e 3d 28 41 44  |(DESCRIPTION=(AD|
00000240  44 52 45 53 53 3d 28 50  52 4f 54 4f 43 4f 4c 3d  |DRESS=(PROTOCOL=|
00000250  74 63 70 73 29 28 48 4f  53 54 3d 61 64 62 2e 73  |tcps)(HOST=adb.s|
00000260  61 2d 73 61 6f 70 61 75  6c 6f 2d 31 2e 6f 72 61  |a-saopaulo-1.ora|
00000270  63 6c 65 63 6c 6f 75 64  2e 63 6f 6d 29 28 50 4f  |clecloud.com)(PO|
00000280  52 54 3d 31 35 32 32 29  29 28 43 4f 4e 4e 45 43  |RT=1522))(CONNEC|
00000290  54 5f 44 41 54 41 3d 28  53 45 52 56 49 43 45 5f  |T_DATA=(SERVICE_|
000002a0  4e 41 4d 45 3d 67 35 37  63 66 37 35 35 31 62 64  |NAME=g57cf7551bd|
000002b0  37 33 66 38 5f 70 72 64  5f 68 69 67 68 2e 61 64  |73f8_prd_high.ad|
000002c0  62 2e 6f 72 61 63 6c 65  63 6c 6f 75 64 2e 63 6f  |b.oraclecloud.co|
000002d0  6d 29 28 43 49 44 3d 28  50 52 4f 47 52 41 4d 3d  |m)(CID=(PROGRAM=|
000002e0  43 3a 5c 55 73 65 72 73  5c 6a 65 61 6e 2e 73 69  |C:\Users\jean.si|
000002f0  6d 61 73 5c 44 6f 63 75  6d 65 6e 74 73 5c 70 72  |mas\Documents\pr|
00000300  6f 6a 65 63 74 73 5c 74  61 73 6b 73 2d 77 65 62  |ojects\tasks-web|
00000310  73 6f 63 6b 65 74 5c 74  61 73 6b 73 2d 77 65 62  |socket\tasks-web|
00000320  73 6f 63 6b 65 74 2e 65  78 65 29 28 48 4f 53 54  |socket.exe)(HOST|
00000330  3d 54 49 2d 43 46 2d 30  33 29 28 55 53 45 52 3d  |=TI-CF-03)(USER=|
00000340  6a 65 61 6e 2e 73 69 6d  61 73 29 29 29 29 00 00  |jean.simas))))..|
00000350  01 16 16 53 45 53 53 49  4f 4e 5f 43 4c 49 45 4e  |...SESSION_CLIEN|
00000360  54 5f 43 48 41 52 53 45  54 01 03 03 38 37 33 00  |T_CHARSET...873.|
00000370  01 17 17 53 45 53 53 49  4f 4e 5f 43 4c 49 45 4e  |...SESSION_CLIEN|
00000380  54 5f 4c 49 42 5f 54 59  50 45 01 01 01 30 00 01  |T_LIB_TYPE...0..|
00000390  1a 1a 53 45 53 53 49 4f  4e 5f 43 4c 49 45 4e 54  |..SESSION_CLIENT|
000003a0  5f 44 52 49 56 45 52 5f  4e 41 4d 45 01 0e 0e 4f  |_DRIVER_NAME...O|
000003b0  72 61 63 6c 65 43 6c 69  65 6e 74 47 6f 00 01 16  |racleClientGo...|
000003c0  16 53 45 53 53 49 4f 4e  5f 43 4c 49 45 4e 54 5f  |.SESSION_CLIENT_|
000003d0  56 45 52 53 49 4f 4e 01  07 07 32 2e 30 2e 30 2e  |VERSION...2.0.0.|
000003e0  30 00 01 16 16 53 45 53  53 49 4f 4e 5f 43 4c 49  |0....SESSION_CLI|
000003f0  45 4e 54 5f 4c 4f 42 41  54 54 52 01 01 01 31 00  |ENT_LOBATTR...1.|
00000400  01 12 12 41 55 54 48 5f  41 4c 54 45 52 5f 53 45  |...AUTH_ALTER_SE|
00000410  53 53 49 4f 4e 01 56 56  41 4c 54 45 52 20 53 45  |SSION.VVALTER SE|
00000420  53 53 49 4f 4e 20 53 45  54 20 4e 4c 53 5f 4c 41  |SSION SET NLS_LA|
00000430  4e 47 55 41 47 45 3d 27  41 4d 45 52 49 43 41 4e  |NGUAGE='AMERICAN|
00000440  27 20 4e 4c 53 5f 54 45  52 52 49 54 4f 52 59 3d  |' NLS_TERRITORY=|
00000450  27 41 4d 45 52 49 43 41  27 20 20 54 49 4d 45 5f  |'AMERICA'  TIME_|
00000460  5a 4f 4e 45 3d 27 2d 30  33 3a 30 30 27 00 01 01  |ZONE='-03:00'...|
2024-10-09T08:08:28.0050: 
Read packet:
00000000  00 00 09 8c 06 20 00 00  00 00 08 01 35 01 13 13  |..... ......5...|
00000010  41 55 54 48 5f 56 45 52  53 49 4f 4e 5f 53 54 52  |AUTH_VERSION_STR|
00000020  49 4e 47 01 0c 0c 2d 20  50 72 6f 64 75 63 74 69  |ING...- Producti|
00000030  6f 6e 00 01 10 10 41 55  54 48 5f 56 45 52 53 49  |on....AUTH_VERSI|
00000040  4f 4e 5f 53 51 4c 01 02  02 32 34 00 01 13 13 41  |ON_SQL...24....A|
00000050  55 54 48 5f 58 41 43 54  49 4f 4e 5f 54 52 41 49  |UTH_XACTION_TRAI|
00000060  54 53 01 01 01 33 00 01  0f 0f 41 55 54 48 5f 56  |TS...3....AUTH_V|
00000070  45 52 53 49 4f 4e 5f 4e  4f 01 09 09 33 32 30 34  |ERSION_NO...3204|
00000080  30 35 35 32 30 00 01 13  13 41 55 54 48 5f 56 45  |05520....AUTH_VE|
00000090  52 53 49 4f 4e 5f 53 54  41 54 55 53 01 01 01 30  |RSION_STATUS...0|
000000a0  00 01 15 15 41 55 54 48  5f 43 41 50 41 42 49 4c  |....AUTH_CAPABIL|
000000b0  49 54 59 5f 54 41 42 4c  45 00 00 01 0f 0f 41 55  |ITY_TABLE.....AU|
000000c0  54 48 5f 4c 41 53 54 5f  4c 4f 47 49 4e 01 1a 1a  |TH_LAST_LOGIN...|
000000d0  37 38 37 43 30 41 30 39  30 43 30 36 32 34 30 30  |787C0A090C062400|
000000e0  30 30 30 30 30 30 30 30  30 30 00 01 0b 0b 41 55  |0000000000....AU|
000000f0  54 48 5f 44 42 4e 41 4d  45 01 13 13 47 35 37 43  |TH_DBNAME...G57C|
00000100  46 37 35 35 31 42 44 37  33 46 38 5f 50 52 44 00  |F7551BD73F8_PRD.|
00000110  01 11 11 41 55 54 48 5f  44 42 5f 4d 4f 55 4e 54  |...AUTH_DB_MOUNT|
00000120  5f 49 44 00 01 0a 0a 31  39 32 35 35 34 38 37 32  |_ID....192554872|
00000130  35 00 01 0b 0b 41 55 54  48 5f 44 42 5f 49 44 00  |5....AUTH_DB_ID.|
00000140  01 0a 0a 31 34 34 35 32  38 34 34 39 39 00 01 0c  |...1445284499...|
00000150  0c 41 55 54 48 5f 55 53  45 52 5f 49 44 01 03 03  |.AUTH_USER_ID...|
00000160  32 31 34 00 01 0f 0f 41  55 54 48 5f 53 45 53 53  |214....AUTH_SESS|
00000170  49 4f 4e 5f 49 44 01 05  05 32 33 39 35 37 00 01  |ION_ID...23957..|
00000180  0f 0f 41 55 54 48 5f 53  45 52 49 41 4c 5f 4e 55  |..AUTH_SERIAL_NU|
00000190  4d 01 05 05 36 33 36 35  31 00 01 10 10 41 55 54  |M...63651....AUT|
000001a0  48 5f 49 4e 53 54 41 4e  43 45 5f 4e 4f 01 01 01  |H_INSTANCE_NO...|
000001b0  31 00 01 10 10 41 55 54  48 5f 46 41 49 4c 4f 56  |1....AUTH_FAILOV|
000001c0  45 52 5f 49 44 01 01 01  31 00 01 0f 0f 41 55 54  |ER_ID...1....AUT|
000001d0  48 5f 53 45 52 56 45 52  5f 50 49 44 01 05 05 34  |H_SERVER_PID...4|
000001e0  35 37 30 37 00 01 13 13  41 55 54 48 5f 53 43 5f  |5707....AUTH_SC_|
000001f0  53 45 52 56 45 52 5f 48  4f 53 54 01 0e 0e 66 63  |SERVER_HOST...fc|
00000200  65 32 70 6f 64 2d 74 6e  63 64 35 31 00 01 15 15  |e2pod-tncd51....|
00000210  41 55 54 48 5f 53 43 5f  44 42 55 4e 49 51 55 45  |AUTH_SC_DBUNIQUE|
00000220  5f 4e 41 4d 45 01 08 08  66 63 65 74 6e 63 64 35  |_NAME...fcetncd5|
00000230  00 01 15 15 41 55 54 48  5f 53 43 5f 49 4e 53 54  |....AUTH_SC_INST|
00000240  41 4e 43 45 5f 4e 41 4d  45 01 09 09 66 63 65 74  |ANCE_NAME...fcet|
00000250  6e 63 64 35 31 00 01 13  13 41 55 54 48 5f 53 43  |ncd51....AUTH_SC|
00000260  5f 49 4e 53 54 41 4e 43  45 5f 49 44 01 01 01 31  |_INSTANCE_ID...1|
00000270  00 01 1b 1b 41 55 54 48  5f 53 43 5f 49 4e 53 54  |....AUTH_SC_INST|
00000280  41 4e 43 45 5f 53 54 41  52 54 5f 54 49 4d 45 01  |ANCE_START_TIME.|
00000290  24 24 32 30 32 34 2d 30  39 2d 32 38 20 30 33 3a  |$$2024-09-28 03:|
000002a0  35 35 3a 34 31 2e 30 30  30 30 30 30 30 30 30 20  |55:41.000000000 |
000002b0  2d 30 33 3a 30 30 00 01  11 11 41 55 54 48 5f 53  |-03:00....AUTH_S|
000002c0  43 5f 44 42 5f 44 4f 4d  41 49 4e 00 00 01 14 14  |C_DB_DOMAIN.....|
000002d0  41 55 54 48 5f 53 43 5f  53 45 52 56 49 43 45 5f  |AUTH_SC_SERVICE_|
000002e0  4e 41 4d 45 01 2c 2c 47  35 37 43 46 37 35 35 31  |NAME.,,G57CF7551|
000002f0  42 44 37 33 46 38 5f 50  52 44 5f 68 69 67 68 2e  |BD73F8_PRD_high.|
00000300  61 64 62 2e 6f 72 61 63  6c 65 63 6c 6f 75 64 2e  |adb.oraclecloud.|
00000310  63 6f 6d 00 01 0f 0f 41  55 54 48 5f 4f 4e 53 5f  |com....AUTH_ONS_|
00000320  43 4f 4e 46 49 47 01 4c  4c 6d 61 78 63 6f 6e 6e  |CONFIG.LLmaxconn|
00000330  65 63 74 69 6f 6e 73 2e  30 30 30 31 3d 30 30 30  |ections.0001=000|
00000340  33 0a 6e 6f 64 65 73 2e  30 30 30 31 3d 61 64 62  |3.nodes.0001=adb|
00000350  2e 73 61 2d 73 61 6f 70  61 75 6c 6f 2d 31 2e 6f  |.sa-saopaulo-1.o|
00000360  72 61 63 6c 65 63 6c 6f  75 64 2e 63 6f 6d 3a 36  |raclecloud.com:6|
00000370  32 30 30 0a 00 00 01 1b  1b 41 55 54 48 5f 4f 4e  |200......AUTH_ON|
00000380  53 5f 52 4c 42 5f 53 55  42 53 43 52 5f 50 41 54  |S_RLB_SUBSCR_PAT|
00000390  54 45 52 4e 01 58 58 25  22 65 76 65 6e 74 54 79  |TERN.XX%"eventTy|
000003a0  70 65 3d 64 61 74 61 62  61 73 65 2f 65 76 65 6e  |pe=database/even|
000003b0  74 2f 73 65 72 76 69 63  65 6d 65 74 72 69 63 73  |t/servicemetrics|
000003c0  2f 47 35 37 43 46 37 35  35 31 42 44 37 33 46 38  |/G57CF7551BD73F8|
000003d0  5f 50 52 44 5f 68 69 67  68 2e 61 64 62 2e 6f 72  |_PRD_high.adb.or|
000003e0  61 63 6c 65 63 6c 6f 75  64 2e 63 6f 6d 22 00 00  |aclecloud.com"..|
000003f0  01 1a 1a 41 55 54 48 5f  4f 4e 53 5f 48 41 5f 53  |...AUTH_ONS_HA_S|
00000400  55 42 53 43 52 5f 50 41  54 54 45 52 4e 01 49 49  |UBSCR_PATTERN.II|
00000410  28 22 65 76 65 6e 74 54  79 70 65 3d 64 61 74 61  |("eventType=data|
00000420  62 61 73 65 2f 65 76 65  6e 74 2f 73 65 72 76 69  |base/event/servi|
00000430  63 65 22 29 20 7c 20 28  22 65 76 65 6e 74 54 79  |ce") | ("eventTy|
00000440  70 65 3d 64 61 74 61 62  61 73 65 2f 65 76 65 6e  |pe=database/even|
00000450  74 2f 68 6f 73 74 22 29  00 00 01 15 15 41 55 54  |t/host").....AUT|
00000460  48 5f 46 41 49 4c 4f 56  45 52 5f 52 45 54 52 49  |H_FAILOVER_RETRI|
00000470  45 53 01 01 01 30 00 01  13 13 41 55 54 48 5f 46  |ES...0....AUTH_F|
00000480  41 49 4c 4f 56 45 52 5f  44 45 4c 41 59 01 01 01  |AILOVER_DELAY...|
00000490  30 00 01 11 11 41 55 54  48 5f 53 43 5f 53 56 43  |0....AUTH_SC_SVC|
000004a0  5f 46 4c 41 47 53 01 01  01 39 00 01 15 15 41 55  |_FLAGS...9....AU|
000004b0  54 48 5f 46 41 49 4c 4f  56 45 52 5f 52 45 53 54  |TH_FAILOVER_REST|
000004c0  4f 52 45 01 01 01 30 00  01 11 11 41 55 54 48 5f  |ORE...0....AUTH_|
000004d0  49 4e 53 54 41 4e 43 45  4e 41 4d 45 01 09 09 66  |INSTANCENAME...f|
000004e0  63 65 74 6e 63 64 35 31  00 01 0f 0f 41 55 54 48  |cetncd51....AUTH|
000004f0  5f 4e 4c 53 5f 4c 58 4c  41 4e 00 01 08 08 41 4d  |_NLS_LXLAN....AM|
00000500  45 52 49 43 41 4e 00 01  16 16 41 55 54 48 5f 4e  |ERICAN....AUTH_N|
00000510  4c 53 5f 4c 58 43 54 45  52 52 49 54 4f 52 59 00  |LS_LXCTERRITORY.|
00000520  01 07 07 41 4d 45 52 49  43 41 00 01 15 15 41 55  |...AMERICA....AU|
00000530  54 48 5f 4e 4c 53 5f 4c  58 43 43 55 52 52 45 4e  |TH_NLS_LXCCURREN|
00000540  43 59 00 01 01 01 24 00  01 14 14 41 55 54 48 5f  |CY....$....AUTH_|
00000550  4e 4c 53 5f 4c 58 43 49  53 4f 43 55 52 52 00 01  |NLS_LXCISOCURR..|
00000560  07 07 41 4d 45 52 49 43  41 00 01 15 15 41 55 54  |..AMERICA....AUT|
00000570  48 5f 4e 4c 53 5f 4c 58  43 4e 55 4d 45 52 49 43  |H_NLS_LXCNUMERIC|
00000580  53 00 01 02 02 2e 2c 00  01 13 13 41 55 54 48 5f  |S.....,....AUTH_|
00000590  4e 4c 53 5f 4c 58 43 44  41 54 45 46 4d 00 01 09  |NLS_LXCDATEFM...|
000005a0  09 44 44 2d 4d 4f 4e 2d  52 52 00 01 15 15 41 55  |.DD-MON-RR....AU|
000005b0  54 48 5f 4e 4c 53 5f 4c  58 43 44 41 54 45 4c 41  |TH_NLS_LXCDATELA|
000005c0  4e 47 00 01 08 08 41 4d  45 52 49 43 41 4e 00 01  |NG....AMERICAN..|
000005d0  11 11 41 55 54 48 5f 4e  4c 53 5f 4c 58 43 53 4f  |..AUTH_NLS_LXCSO|
000005e0  52 54 00 01 06 06 42 49  4e 41 52 59 00 01 15 15  |RT....BINARY....|
000005f0  41 55 54 48 5f 4e 4c 53  5f 4c 58 43 43 41 4c 45  |AUTH_NLS_LXCCALE|
00000600  4e 44 41 52 00 01 09 09  47 52 45 47 4f 52 49 41  |NDAR....GREGORIA|
00000610  4e 00 01 15 15 41 55 54  48 5f 4e 4c 53 5f 4c 58  |N....AUTH_NLS_LX|
00000620  43 55 4e 49 4f 4e 43 55  52 00 01 01 01 24 00 01  |CUNIONCUR....$..|
00000630  13 13 41 55 54 48 5f 4e  4c 53 5f 4c 58 43 54 49  |..AUTH_NLS_LXCTI|
00000640  4d 45 46 4d 00 01 0e 0e  48 48 2e 4d 49 2e 53 53  |MEFM....HH.MI.SS|
00000650  58 46 46 20 41 4d 00 01  13 13 41 55 54 48 5f 4e  |XFF AM....AUTH_N|
00000660  4c 53 5f 4c 58 43 53 54  4d 50 46 4d 00 01 18 18  |LS_LXCSTMPFM....|
00000670  44 44 2d 4d 4f 4e 2d 52  52 20 48 48 2e 4d 49 2e  |DD-MON-RR HH.MI.|
00000680  53 53 58 46 46 20 41 4d  00 01 13 13 41 55 54 48  |SSXFF AM....AUTH|
00000690  5f 4e 4c 53 5f 4c 58 43  54 54 5a 4e 46 4d 00 01  |_NLS_LXCTTZNFM..|
000006a0  12 12 48 48 2e 4d 49 2e  53 53 58 46 46 20 41 4d  |..HH.MI.SSXFF AM|
000006b0  20 54 5a 52 00 01 13 13  41 55 54 48 5f 4e 4c 53  | TZR....AUTH_NLS|
000006c0  5f 4c 58 43 53 54 5a 4e  46 4d 00 01 1c 1c 44 44  |_LXCSTZNFM....DD|
000006d0  2d 4d 4f 4e 2d 52 52 20  48 48 2e 4d 49 2e 53 53  |-MON-RR HH.MI.SS|
000006e0  58 46 46 20 41 4d 20 54  5a 52 00 01 18 18 41 55  |XFF AM TZR....AU|
000006f0  54 48 5f 4e 4c 53 5f 4c  58 4c 45 4e 53 45 4d 41  |TH_NLS_LXLENSEMA|
00000700  4e 54 49 43 53 00 01 04  04 42 59 54 45 00 01 19  |NTICS....BYTE...|
00000710  19 41 55 54 48 5f 4e 4c  53 5f 4c 58 4e 43 48 41  |.AUTH_NLS_LXNCHA|
00000720  52 43 4f 4e 56 45 58 43  50 00 01 05 05 46 41 4c  |RCONVEXCP....FAL|
00000730  53 45 00 01 10 10 41 55  54 48 5f 4e 4c 53 5f 4c  |SE....AUTH_NLS_L|
00000740  58 43 4f 4d 50 00 01 06  06 42 49 4e 41 52 59 00  |XCOMP....BINARY.|
00000750  01 11 11 41 55 54 48 5f  53 56 52 5f 52 45 53 50  |...AUTH_SVR_RESP|
00000760  4f 4e 53 45 01 60 60 35  39 35 36 46 43 38 33 45  |ONSE.``5956FC83E|
00000770  42 37 35 38 37 46 42 30  44 39 45 38 45 33 32 45  |B7587FB0D9E8E32E|
00000780  45 37 44 33 44 38 37 31  30 38 43 44 38 41 41 36  |E7D3D87108CD8AA6|
00000790  46 46 31 35 37 42 46 31  34 38 35 42 42 45 46 46  |FF157BF1485BBEFF|
000007a0  35 45 42 45 34 34 45 37  37 39 43 30 43 35 43 36  |5EBE44E779C0C5C6|
000007b0  31 41 42 31 34 41 42 42  41 36 42 46 33 42 36 41  |1AB14ABBA6BF3B6A|
000007c0  35 33 37 35 32 32 38 00  01 15 15 41 55 54 48 5f  |5375228....AUTH_|
000007d0  54 53 54 5a 5f 45 52 52  4f 52 5f 43 48 45 43 4b  |TSTZ_ERROR_CHECK|
000007e0  01 01 01 31 00 01 15 15  41 55 54 48 5f 4d 41 58  |...1....AUTH_MAX|
000007f0  5f 4f 50 45 4e 5f 43 55  52 53 4f 52 53 01 04 04  |_OPEN_CURSORS...|
00000800  31 30 30 30 00 01 0d 0d  41 55 54 48 5f 50 44 42  |1000....AUTH_PDB|
00000810  5f 55 49 44 00 01 0a 0a  31 35 32 39 32 36 39 38  |_UID....15292698|
00000820  30 39 00 01 14 14 41 55  54 48 5f 4d 41 58 5f 49  |09....AUTH_MAX_I|
00000830  44 45 4e 5f 4c 45 4e 47  54 48 01 03 03 31 32 38  |DEN_LENGTH...128|
00000840  00 17 05 01 01 10 01 13  16 00 01 08 08 41 4d 45  |.............AME|
00000850  52 49 43 41 4e 01 10 00  01 07 07 41 4d 45 52 49  |RICAN......AMERI|
00000860  43 41 01 09 00 01 01 01  24 00 00 01 07 07 41 4d  |CA......$.....AM|
00000870  45 52 49 43 41 01 01 00  01 02 02 2e 2c 01 02 00  |ERICA.......,...|
00000880  01 08 08 41 4c 33 32 55  54 46 38 01 0a 00 01 09  |...AL32UTF8.....|
00000890  09 47 52 45 47 4f 52 49  41 4e 01 0c 00 01 09 09  |.GREGORIAN......|
000008a0  44 44 2d 4d 4f 4e 2d 52  52 01 07 00 01 08 08 41  |DD-MON-RR......A|
000008b0  4d 45 52 49 43 41 4e 01  08 00 01 06 06 42 49 4e  |MERICAN......BIN|
000008c0  41 52 59 01 0b 00 01 0e  0e 48 48 2e 4d 49 2e 53  |ARY......HH.MI.S|
000008d0  53 58 46 46 20 41 4d 01  39 00 01 18 18 44 44 2d  |SXFF AM.9....DD-|
000008e0  4d 4f 4e 2d 52 52 20 48  48 2e 4d 49 2e 53 53 58  |MON-RR HH.MI.SSX|
000008f0  46 46 20 41 4d 01 3a 00  01 12 12 48 48 2e 4d 49  |FF AM.:....HH.MI|
00000900  2e 53 53 58 46 46 20 41  4d 20 54 5a 52 01 3b 00  |.SSXFF AM TZR.;.|
00000910  01 1c 1c 44 44 2d 4d 4f  4e 2d 52 52 20 48 48 2e  |...DD-MON-RR HH.|
00000920  4d 49 2e 53 53 58 46 46  20 41 4d 20 54 5a 52 01  |MI.SSXFF AM TZR.|
00000930  3c 00 01 01 01 24 01 34  00 01 06 06 42 49 4e 41  |<....$.4....BINA|
00000940  52 59 01 32 00 01 04 04  42 59 54 45 01 3d 00 01  |RY.2....BYTE.=..|
00000950  05 05 46 41 4c 53 45 01  3e 00 01 0b 0b 80 00 00  |..FALSE.>.......|
00000960  00 39 3c 3c 80 00 00 00  01 a3 00 04 01 01 01 03  |.9<<............|
00000970  00 00 00 00 00 00 00 00  00 00 00 00 00 00 00 00  |................|
00000980  00 00 00 00 00 00 00 00  00 00 00 00              |............|
2024-10-09T08:08:28.0094: Summary: RetCode:0, Error Message:""
2024-10-09T08:08:28.0094: 
Write packet:
00000000  00 00 00 15 06 00 00 00  00 00 03 3b 00 01 02 01  |...........;....|
00000010  00 01 01 01 01                                    |.....|
2024-10-09T08:08:28.0218: 
Read packet:
00000000  00 00 00 72 06 20 00 00  00 00 08 01 5a 5a 4f 72  |...r. ......ZZOr|
00000010  61 63 6c 65 20 44 61 74  61 62 61 73 65 20 31 39  |acle Database 19|
00000020  63 20 45 6e 74 65 72 70  72 69 73 65 20 45 64 69  |c Enterprise Edi|
00000030  74 69 6f 6e 20 52 65 6c  65 61 73 65 20 31 39 2e  |tion Release 19.|
00000040  30 2e 30 2e 30 2e 30 20  2d 20 50 72 6f 64 75 63  |0.0.0.0 - Produc|
00000050  74 69 6f 6e 0a 56 65 72  73 69 6f 6e 20 31 39 2e  |tion.Version 19.|
00000060  32 35 2e 30 2e 31 2e 30  04 13 19 00 10 09 01 01  |25.0.1.0........|
00000070  01 03                                             |..|
2024-10-09T08:08:28.0223: Connected
2024-10-09T08:08:28.0223: Database Version: 19.1.0.0.16
2024-10-09T08:08:28.0223: Query With Context:SELECT SYSTIMESTAMP FROM DUAL
2024-10-09T08:08:28.0223: 
Write packet:
00000000  00 00 00 6b 06 00 00 00  00 00 03 5e 00 02 80 21  |...k.......^...!|
00000010  00 01 01 1d 01 01 0d 00  00 00 01 19 04 3f ff ff  |.............?..|
00000020  ff 00 00 00 00 00 00 00  00 00 00 00 01 00 00 00  |................|
00000030  00 00 00 00 00 00 00 00  00 00 00 00 1d 53 45 4c  |.............SEL|
00000040  45 43 54 20 53 59 53 54  49 4d 45 53 54 41 4d 50  |ECT SYSTIMESTAMP|
00000050  20 46 52 4f 4d 20 44 55  41 4c 01 01 00 00 00 00  | FROM DUAL......|
00000060  00 00 01 01 00 02 80 00  00 00 00                 |...........|
2024-10-09T08:08:28.0348: 
Read packet:
00000000  00 00 00 cf 06 20 00 00  00 00 10 17 8b c6 72 14  |..... ........r.|
00000010  f0 ab e4 c8 b5 1b 6c 3a  9e ee fd f3 78 7c 0a 09  |......l:....x|..|
00000020  0c 06 24 01 0d 01 01 5c  b5 00 00 01 06 01 01 00  |..$....\........|
00000030  00 00 00 00 00 00 00 01  0c 01 0c 0c 53 59 53 54  |............SYST|
00000040  49 4d 45 53 54 41 4d 50  00 00 00 00 01 07 07 78  |IMESTAMP.......x|
00000050  7c 0a 09 0c 0a 33 00 02  1f e8 01 02 01 02 00 06  ||....3..........|
00000060  22 01 01 00 01 19 00 00  00 07 0d 78 7c 0a 09 0c  |"..........x|...|
00000070  0a 33 12 a2 e7 90 54 3c  08 01 06 04 c5 a7 21 2b  |.3....T<......!+|
00000080  02 23 f6 01 02 00 00 00  00 00 00 04 01 01 01 04  |.#..............|
00000090  01 01 02 05 7b 00 00 01  02 01 19 03 00 00 00 00  |....{...........|
000000a0  00 00 00 00 00 00 00 00  00 00 01 01 00 00 00 00  |................|
000000b0  02 05 7b 01 01 19 4f 52  41 2d 30 31 34 30 33 3a  |..{...ORA-01403:|
000000c0  20 6e 6f 20 64 61 74 61  20 66 6f 75 6e 64 0a     | no data found.|
2024-10-09T08:08:28.0355: Summary: RetCode:1403, Error Message:"ORA-01403: no data found\n"
2024-10-09T08:08:28.0355: Row 0
2024-10-09T08:08:28.0355:   SYSTIMESTAMP        : 2024-10-09 11:09:50.312666 +0000 UTC
2024-10-09T08:08:28.0355: Query With Context:SELECT ID, NAME, STATUS FROM CARDS WHERE boardId = :1
2024-10-09T08:08:28.0355:     0:
{ 1 4960464b-20d1-4434-a2aa-4071582fdbf3}
2024-10-09T08:08:28.0355: 
Write packet:
00000000  00 00 00 bc 06 00 00 00  00 00 03 5e 00 02 80 29  |...........^...)|
00000010  00 01 01 35 01 01 0d 00  00 00 01 19 04 3f ff ff  |...5.........?..|
00000020  ff 01 01 01 00 00 00 00  00 00 00 00 00 01 00 00  |................|
00000030  00 00 00 00 00 00 00 00  00 00 00 00 00 35 53 45  |.............5SE|
00000040  4c 45 43 54 20 49 44 2c  20 4e 41 4d 45 2c 20 53  |LECT ID, NAME, S|
00000050  54 41 54 55 53 20 46 52  4f 4d 20 43 41 52 44 53  |TATUS FROM CARDS|
00000060  20 57 48 45 52 45 20 62  6f 61 72 64 49 64 20 3d  | WHERE boardId =|
00000070  20 3a 31 01 01 00 00 00  00 00 00 01 01 00 02 80  | :1.............|
00000080  00 00 00 00 01 03 00 00  01 24 00 01 10 00 00 02  |.........$......|
00000090  03 69 01 01 24 00 07 24  34 39 36 30 34 36 34 62  |.i..$..$4960464b|
000000a0  2d 32 30 64 31 2d 34 34  33 34 2d 61 32 61 61 2d  |-20d1-4434-a2aa-|
000000b0  34 30 37 31 35 38 32 66  64 62 66 33              |4071582fdbf3|
2024-10-09T08:08:28.0483: 
Read packet:
00000000  00 00 01 36 06 20 00 00  00 00 10 17 c3 38 46 be  |...6. .......8F.|
00000010  14 fa 00 71 72 5b ad 40  40 0f f2 ea 78 7c 0a 09  |...qr[.@@...x|..|
00000020  0c 06 2e 02 04 24 01 03  5c 01 80 00 00 01 3c 00  |.....$..\.....<.|
00000030  00 00 00 02 03 69 01 01  3c 02 3f fe 00 02 01 02  |.....i..<.?.....|
00000040  02 49 44 00 00 00 00 01  80 00 00 02 01 f4 00 00  |.ID.............|
00000050  00 00 02 03 69 01 02 01  f4 02 3f fe 00 04 01 04  |....i.....?.....|
00000060  04 4e 41 4d 45 00 00 01  01 00 01 80 00 00 02 01  |.NAME...........|
00000070  f4 00 00 00 00 02 03 69  01 02 01 f4 02 3f fe 00  |.......i.....?..|
00000080  06 01 06 06 53 54 41 54  55 53 00 00 01 02 00 01  |....STATUS......|
00000090  07 07 78 7c 0a 09 0c 0a  33 01 01 02 1f e8 01 0a  |..x|....3.......|
000000a0  01 0a 00 06 22 01 03 00  01 19 00 00 00 07 24 34  |....".........$4|
000000b0  39 36 30 34 36 34 62 2d  32 30 64 31 2d 34 34 33  |960464b-20d1-443|
000000c0  34 2d 61 32 61 61 2d 34  30 37 31 35 38 32 66 64  |4-a2aa-4071582fd|
000000d0  62 66 33 06 43 61 72 64  20 31 05 54 6f 20 64 6f  |bf3.Card 1.To do|
000000e0  08 01 06 04 c5 a7 21 5a  02 23 f6 01 03 00 00 00  |......!Z.#......|
000000f0  00 00 00 04 01 01 01 05  01 01 02 05 7b 00 00 01  |............{...|
00000100  03 00 03 00 00 00 00 00  00 00 00 00 00 00 00 00  |................|
00000110  00 01 01 00 00 00 00 02  05 7b 01 01 19 4f 52 41  |.........{...ORA|
00000120  2d 30 31 34 30 33 3a 20  6e 6f 20 64 61 74 61 20  |-01403: no data |
00000130  66 6f 75 6e 64 0a                                 |found.|
2024-10-09T08:08:28.0492: Summary: RetCode:1403, Error Message:"ORA-01403: no data found\n"
2024-10-09T08:08:28.0492: Row 0
2024-10-09T08:08:28.0492:   ID                  : 4960464b-20d1-4434-a2aa-4071582fdbf3
2024-10-09T08:08:28.0492:   NAME                : Card 1
2024-10-09T08:08:28.0492:   STATUS              : To do
2024-10-09T08:08:28.0492: 
Write packet:
00000000  00 00 00 15 06 00 00 00  00 00 11 69 00 01 01 01  |...........i....|
00000010  01 03 03 93 00                                    |.....|
2024-10-09T08:08:28.0535: 
Read packet:
00000000  00 00 00 0f 06 20 00 00  00 00 09 01 01 01 07     |..... .........|
2024-10-09T08:08:28.0622: Query With Context:SELECT id, name FROM boards where id = :1
2024-10-09T08:08:28.0622:     0:
{ 1 4960464b-20d1-4434-a2aa-4071582fdbf3}
2024-10-09T08:08:28.0622: 
Write packet:
00000000  00 00 00 b0 06 00 00 00  00 00 03 5e 00 02 80 29  |...........^...)|
00000010  00 01 01 29 01 01 0d 00  00 00 01 19 04 3f ff ff  |...).........?..|
00000020  ff 01 01 01 00 00 00 00  00 00 00 00 00 01 00 00  |................|
00000030  00 00 00 00 00 00 00 00  00 00 00 00 00 29 53 45  |.............)SE|
00000040  4c 45 43 54 20 69 64 2c  20 6e 61 6d 65 20 46 52  |LECT id, name FR|
00000050  4f 4d 20 62 6f 61 72 64  73 20 77 68 65 72 65 20  |OM boards where |
00000060  69 64 20 3d 20 3a 31 01  01 00 00 00 00 00 00 01  |id = :1.........|
00000070  01 00 02 80 00 00 00 00  01 03 00 00 01 24 00 01  |.............$..|
00000080  10 00 00 02 03 69 01 01  24 00 07 24 34 39 36 30  |.....i..$..$4960|
00000090  34 36 34 62 2d 32 30 64  31 2d 34 34 33 34 2d 61  |464b-20d1-4434-a|
000000a0  32 61 61 2d 34 30 37 31  35 38 32 66 64 62 66 33  |2aa-4071582fdbf3|
2024-10-09T08:08:28.0712: 
Read packet:
00000000  00 00 01 05 06 20 00 00  00 00 10 17 97 0e 08 00  |..... ..........|
00000010  e2 50 f9 c3 27 c0 a6 d6  e7 2f b7 2b 78 7c 0a 09  |.P..'..../.+x|..|
00000020  0c 06 2e 02 01 23 01 02  5c 01 80 00 00 01 24 00  |.....#..\.....$.|
00000030  00 00 00 02 03 69 01 01  24 02 3f fe 00 02 01 02  |.....i..$.?.....|
00000040  02 49 44 00 00 00 00 01  80 00 00 01 ff 00 00 00  |.ID.............|
00000050  00 02 03 69 01 01 ff 02  3f fe 01 04 01 04 04 4e  |...i....?......N|
00000060  41 4d 45 00 00 01 01 00  01 07 07 78 7c 0a 09 0c  |AME........x|...|
00000070  0a 33 01 01 02 1f e8 01  02 01 02 00 06 22 01 02  |.3..........."..|
00000080  00 01 19 00 00 00 07 24  34 39 36 30 34 36 34 62  |.......$4960464b|
00000090  2d 32 30 64 31 2d 34 34  33 34 2d 61 32 61 61 2d  |-20d1-4434-a2aa-|
000000a0  34 30 37 31 35 38 32 66  64 62 66 33 02 54 49 08  |4071582fdbf3.TI.|
000000b0  01 06 04 c5 a7 21 8b 02  23 f6 01 03 00 00 00 00  |.....!..#.......|
000000c0  00 00 04 01 01 01 08 01  01 02 05 7b 00 00 01 03  |...........{....|
000000d0  00 03 00 00 00 00 00 00  00 00 00 00 00 00 00 00  |................|
000000e0  01 01 00 00 00 00 02 05  7b 01 01 19 4f 52 41 2d  |........{...ORA-|
000000f0  30 31 34 30 33 3a 20 6e  6f 20 64 61 74 61 20 66  |01403: no data f|
00000100  6f 75 6e 64 0a                                    |ound.|
2024-10-09T08:08:28.0750: Summary: RetCode:1403, Error Message:"ORA-01403: no data found\n"
2024-10-09T08:08:28.0750: Row 0
2024-10-09T08:08:28.0750:   ID                  : 4960464b-20d1-4434-a2aa-4071582fdbf3
2024-10-09T08:08:28.0750:   NAME                : TI
2024-10-09T08:08:28.0750: 
Write packet:
00000000  00 00 00 15 06 00 00 00  00 00 11 69 00 01 01 01  |...........i....|
00000010  01 03 03 93 00                                    |.....|
2024-10-09T08:08:28.0870: 
Read packet:
00000000  00 00 00 0f 06 20 00 00  00 00 09 01 01 01 0a     |..... .........|
2024-10-09T08:08:30.7855: Exec With Context:
2024-10-09T08:08:30.7855: Exec:
UPDATE cards SET status = :1 WHERE id = :2
2024-10-09T08:08:30.7855:     0:
{ 1 In Progress}
2024-10-09T08:08:30.7855:     1:
{ 2 4960464b-20d1-4434-a2aa-4071582fdbf3}
2024-10-09T08:08:30.7855: 
Write packet:
00000000  00 00 00 ce 06 00 00 00  00 00 03 5e 00 02 81 29  |...........^...)|
00000010  00 01 01 2a 01 01 0d 00  00 00 00 04 3f ff ff ff  |...*........?...|
00000020  01 01 02 00 00 00 00 00  00 00 00 00 01 00 00 00  |................|
00000030  00 00 00 00 00 00 00 00  00 00 00 00 2a 55 50 44  |............*UPD|
00000040  41 54 45 20 63 61 72 64  73 20 53 45 54 20 73 74  |ATE cards SET st|
00000050  61 74 75 73 20 3d 20 3a  31 20 57 48 45 52 45 20  |atus = :1 WHERE |
00000060  69 64 20 3d 20 3a 32 01  01 01 01 00 00 00 00 00  |id = :2.........|
00000070  00 00 02 80 00 00 00 00  01 03 00 00 01 0b 00 01  |................|
00000080  10 00 00 02 03 69 01 01  0b 00 01 03 00 00 01 24  |.....i.........$|
00000090  00 01 10 00 00 02 03 69  01 01 24 00 07 0b 49 6e  |.......i..$...In|
000000a0  20 50 72 6f 67 72 65 73  73 24 34 39 36 30 34 36  | Progress$496046|
000000b0  34 62 2d 32 30 64 31 2d  34 34 33 34 2d 61 32 61  |4b-20d1-4434-a2a|
000000c0  61 2d 34 30 37 31 35 38  32 66 64 62 66 33        |a-4071582fdbf3|
2024-10-09T08:08:30.8007: 
Read packet:
00000000  00 00 00 58 06 20 00 00  00 00 08 01 06 04 c5 a7  |...X. ..........|
00000010  2c 0f 02 23 f6 01 03 01  02 00 00 00 00 00 04 01  |,..#............|
00000020  05 01 0b 01 01 00 00 00  01 03 00 06 00 00 00 00  |................|
00000030  00 03 0b 61 e0 00 00 03  05 7d 2b 00 00 00 00 00  |...a.....}+.....|
00000040  01 01 01 0d 0d 01 00 0b  61 e0 00 00 00 05 7d 2b  |........a.....}+|
00000050  00 00 00 00 00 00 01 01                           |........|
2024-10-09T08:08:30.8015: Summary: RetCode:0, Error Message:""
2024-10-09T08:08:30.8015: 
Write packet:
00000000  00 00 00 15 06 00 00 00  00 00 11 69 00 01 01 01  |...........i....|
00000010  01 03 03 93 00                                    |.....|
2024-10-09T08:08:30.8142: 
Read packet:
00000000  00 00 00 0f 06 20 00 00  00 00 09 01 05 01 0d     |..... .........|
